Determining if the pthread_create exist failed with the following output:
Change Dir: /home/voidknight/fuerte_workspace/sandbox/robot_setup_tf/build/CMakeFiles/CMakeTmp

Run Build Command:/usr/bin/make "cmTryCompileExec3677731875/fast"
make[1]: Entering directory `/home/voidknight/fuerte_workspace/sandbox/robot_setup_tf/build/CMakeFiles/CMakeTmp'
/usr/bin/make -f CMakeFiles/cmTryCompileExec3677731875.dir/build.make CMakeFiles/cmTryCompileExec3677731875.dir/build
make[2]: Entering directory `/home/voidknight/fuerte_workspace/sandbox/robot_setup_tf/build/CMakeFiles/CMakeTmp'
/usr/bin/cmake -E cmake_progress_report /home/voidknight/fuerte_workspace/sandbox/robot_setup_tf/build/CMakeFiles/CMakeTmp/CMakeFiles 1
Building C object CMakeFiles/cmTryCompileExec3677731875.dir/CheckSymbolExists.c.o
/usr/bin/gcc    -o CMakeFiles/cmTryCompileExec3677731875.dir/CheckSymbolExists.c.o   -c /home/voidknight/fuerte_workspace/sandbox/robot_setup_tf/build/CMakeFiles/CMakeTmp/CheckSymbolExists.c
Linking C executable cmTryCompileExec3677731875
/usr/bin/cmake -E cmake_link_script CMakeFiles/cmTryCompileExec3677731875.dir/link.txt --verbose=1
/usr/bin/gcc         CMakeFiles/cmTryCompileExec3677731875.dir/CheckSymbolExists.c.o  -o cmTryCompileExec3677731875 -rdynamic 
CMakeFiles/cmTryCompileExec3677731875.dir/CheckSymbolExists.c.o: In function `main':
CheckSymbolExists.c:(.text+0xa): undefined reference to `pthread_create'
collect2: error: ld returned 1 exit status
make[2]: *** [cmTryCompileExec3677731875] Error 1
make[2]: Leaving directory `/home/voidknight/fuerte_workspace/sandbox/robot_setup_tf/build/CMakeFiles/CMakeTmp'
make[1]: Leaving directory `/home/voidknight/fuerte_workspace/sandbox/robot_setup_tf/build/CMakeFiles/CMakeTmp'
make[1]: *** [cmTryCompileExec3677731875/fast] Error 2

File /home/voidknight/fuerte_workspace/sandbox/robot_setup_tf/build/CMakeFiles/CMakeTmp/CheckSymbolExists.c:
/* */
#include <pthread.h>

int main(int argc, char** argv)
{
  (void)argv;
#ifndef pthread_create
  return ((int*)(&pthread_create))[argc];
#else
  (void)argc;
  return 0;
#endif
}

Determining if the function pthread_create exists in the pthreads failed with the following output:
Change Dir: /home/voidknight/fuerte_workspace/sandbox/robot_setup_tf/build/CMakeFiles/CMakeTmp

Run Build Command:/usr/bin/make "cmTryCompileExec2051493023/fast"
make[1]: Entering directory `/home/voidknight/fuerte_workspace/sandbox/robot_setup_tf/build/CMakeFiles/CMakeTmp'
/usr/bin/make -f CMakeFiles/cmTryCompileExec2051493023.dir/build.make CMakeFiles/cmTryCompileExec2051493023.dir/build
make[2]: Entering directory `/home/voidknight/fuerte_workspace/sandbox/robot_setup_tf/build/CMakeFiles/CMakeTmp'
/usr/bin/cmake -E cmake_progress_report /home/voidknight/fuerte_workspace/sandbox/robot_setup_tf/build/CMakeFiles/CMakeTmp/CMakeFiles 1
Building C object CMakeFiles/cmTryCompileExec2051493023.dir/CheckFunctionExists.c.o
/usr/bin/gcc   -DCHECK_FUNCTION_EXISTS=pthread_create   -o CMakeFiles/cmTryCompileExec2051493023.dir/CheckFunctionExists.c.o   -c /usr/share/cmake-2.8/Modules/CheckFunctionExists.c
Linking C executable cmTryCompileExec2051493023
/usr/bin/cmake -E cmake_link_script CMakeFiles/cmTryCompileExec2051493023.dir/link.txt --verbose=1
/usr/bin/gcc     -DCHECK_FUNCTION_EXISTS=pthread_create    CMakeFiles/cmTryCompileExec2051493023.dir/CheckFunctionExists.c.o  -o cmTryCompileExec2051493023 -rdynamic -lpthreads 
/usr/bin/ld: cannot find -lpthreads
collect2: error: ld returned 1 exit status
make[2]: Leaving directory `/home/voidknight/fuerte_workspace/sandbox/robot_setup_tf/build/CMakeFiles/CMakeTmp'
make[2]: *** [cmTryCompileExec2051493023] Error 1
make[1]: *** [cmTryCompileExec2051493023/fast] Error 2
make[1]: Leaving directory `/home/voidknight/fuerte_workspace/sandbox/robot_setup_tf/build/CMakeFiles/CMakeTmp'


